{"level":"info","message":"Hello from LittleStack API","service":"littlestack-api","timestamp":"2025-12-31 16:35:01"}
{"level":"info","message":"::1 - - [31/Dec/2025:16:35:01 +0000] \"GET / HTTP/1.1\" 200 26 \"-\" \"Mozilla/5.0 (Macintosh; Intel Mac OS X 10_15_7) AppleWebKit/537.36 (KHTML, like Gecko) Chrome/143.0.0.0 Safari/537.36\"","service":"littlestack-api","timestamp":"2025-12-31 16:35:01"}
{"level":"info","message":"::1 - - [31/Dec/2025:17:00:03 +0000] \"POST /api/auth/sign-up HTTP/1.1\" 200 7 \"-\" \"PostmanRuntime/7.51.0\"","service":"littlestack-api","timestamp":"2025-12-31 17:00:03"}
{"level":"info","message":"Hello from LittleStack API","service":"littlestack-api","timestamp":"2025-12-31 17:11:44"}
{"level":"info","message":"::1 - - [31/Dec/2025:17:11:44 +0000] \"GET / HTTP/1.1\" 200 26 \"-\" \"HTTPie\"","service":"littlestack-api","timestamp":"2025-12-31 17:11:44"}
{"level":"info","message":"::1 - - [31/Dec/2025:17:13:00 +0000] \"GET /health-check HTTP/1.1\" 200 77 \"-\" \"HTTPie\"","service":"littlestack-api","timestamp":"2025-12-31 17:13:00"}
{"level":"info","message":"::1 - - [31/Dec/2025:17:13:20 +0000] \"GET /sign-up HTTP/1.1\" 404 146 \"-\" \"HTTPie\"","service":"littlestack-api","timestamp":"2025-12-31 17:13:20"}
{"level":"info","message":"::1 - - [31/Dec/2025:17:13:24 +0000] \"POST /sign-up HTTP/1.1\" 404 147 \"-\" \"HTTPie\"","service":"littlestack-api","timestamp":"2025-12-31 17:13:24"}
{"level":"info","message":"::1 - - [31/Dec/2025:17:13:39 +0000] \"POST /api/aith/sign-up HTTP/1.1\" 404 156 \"-\" \"HTTPie\"","service":"littlestack-api","timestamp":"2025-12-31 17:13:39"}
{"level":"info","message":"::1 - - [31/Dec/2025:17:13:42 +0000] \"POST /api/auth/sign-up HTTP/1.1\" 200 7 \"-\" \"HTTPie\"","service":"littlestack-api","timestamp":"2025-12-31 17:13:42"}
{"level":"info","message":"::1 - - [31/Dec/2025:17:32:22 +0000] \"POST /api/auth/sign-up HTTP/1.1\" 200 7 \"-\" \"HTTPie\"","service":"littlestack-api","timestamp":"2025-12-31 17:32:22"}
{"level":"info","message":"::1 - - [31/Dec/2025:17:32:24 +0000] \"POST /api/auth/sign-up HTTP/1.1\" 200 7 \"-\" \"HTTPie\"","service":"littlestack-api","timestamp":"2025-12-31 17:32:24"}
{"level":"info","message":"::1 - - [31/Dec/2025:17:32:59 +0000] \"POST /api/auth/sign-up HTTP/1.1\" 400 92 \"-\" \"HTTPie\"","service":"littlestack-api","timestamp":"2025-12-31 17:32:59"}
{"level":"info","message":"::1 - - [31/Dec/2025:17:34:04 +0000] \"POST /api/auth/sign-up HTTP/1.1\" 400 144 \"-\" \"HTTPie\"","service":"littlestack-api","timestamp":"2025-12-31 17:34:04"}
{"level":"info","message":"User registered successfully isaac@gmail.com","service":"littlestack-api","timestamp":"2025-12-31 17:34:52"}
{"level":"info","message":"::1 - - [31/Dec/2025:17:34:52 +0000] \"POST /api/auth/sign-up HTTP/1.1\" 201 117 \"-\" \"HTTPie\"","service":"littlestack-api","timestamp":"2025-12-31 17:34:52"}
{"level":"info","message":"User isaac@gmail.com created successfully!","service":"littlestack-api","timestamp":"2025-12-31 17:48:29"}
{"level":"info","message":"User registered successfully isaac@gmail.com","service":"littlestack-api","timestamp":"2025-12-31 17:48:29"}
{"level":"info","message":"::1 - - [31/Dec/2025:17:48:29 +0000] \"POST /api/auth/sign-up HTTP/1.1\" 201 118 \"-\" \"HTTPie\"","service":"littlestack-api","timestamp":"2025-12-31 17:48:29"}
{"level":"info","message":"User isaac@gmail.com authenticated successfully!","service":"littlestack-api","timestamp":"2026-01-01 10:50:14"}
{"level":"info","message":"User signed in successfully isaac@gmail.com","service":"littlestack-api","timestamp":"2026-01-01 10:50:14"}
{"level":"info","message":"::1 - - [01/Jan/2026:10:50:14 +0000] \"POST /api/auth/sign-in HTTP/1.1\" 200 117 \"-\" \"HTTPie\"","service":"littlestack-api","timestamp":"2026-01-01 10:50:14"}
{"level":"info","message":"::1 - - [01/Jan/2026:11:41:05 +0000] \"GET /health-check HTTP/1.1\" 200 76 \"-\" \"HTTPie\"","service":"littlestack-api","timestamp":"2026-01-01 11:41:05"}
{"level":"info","message":"::1 - - [01/Jan/2026:11:41:06 +0000] \"GET /health-check HTTP/1.1\" 200 76 \"-\" \"HTTPie\"","service":"littlestack-api","timestamp":"2026-01-01 11:41:06"}
{"level":"info","message":"::1 - - [01/Jan/2026:11:41:06 +0000] \"GET /health-check HTTP/1.1\" 200 76 \"-\" \"HTTPie\"","service":"littlestack-api","timestamp":"2026-01-01 11:41:06"}
{"level":"info","message":"::1 - - [01/Jan/2026:11:41:06 +0000] \"GET /health-check HTTP/1.1\" 200 73 \"-\" \"HTTPie\"","service":"littlestack-api","timestamp":"2026-01-01 11:41:06"}
{"level":"info","message":"::1 - - [01/Jan/2026:11:41:06 +0000] \"GET /health-check HTTP/1.1\" 200 76 \"-\" \"HTTPie\"","service":"littlestack-api","timestamp":"2026-01-01 11:41:06"}
{"ip":"::1","level":"warn","message":"Rate limit exceeded","path":"/health-check","service":"littlestack-api","timestamp":"2026-01-01 11:41:06"}
{"ip":"::1","level":"warn","message":"Rate limit exceeded","path":"/health-check","service":"littlestack-api","timestamp":"2026-01-01 11:41:06"}
{"ip":"::1","level":"warn","message":"Rate limit exceeded","path":"/health-check","service":"littlestack-api","timestamp":"2026-01-01 11:41:07"}
